Arguments: 
  /usr/local/Cellar/node/10.1.0/bin/node /usr/local/bin/yarn

PATH: 
  /usr/local/bin:/usr/bin:/bin:/usr/sbin:/sbin:/usr/local/go/bin

Yarn version: 
  1.3.2

Node version: 
  10.1.0

Platform: 
  darwin x64

npm manifest: 
  {
    "name": "alauda-ui-migration-helper",
    "version": "1.0.0",
    "description": "migration for alauda-ui toast-module",
    "main": "index.js",
    "scripts": {
      "test": "echo \"Error: no test specified\" && exit 1"
    },
    "repository": {
      "type": "git",
      "url": "git+https://github.com/yinshuxun/alauda-ui-migration-helper.git"
    },
    "keywords": [
      "alauda-ui",
      "toast-module",
      "message-module",
      "notification-module"
    ],
    "author": "sxyin",
    "license": "ISC",
    "bugs": {
      "url": "https://github.com/yinshuxun/alauda-ui-migration-helper/issues"
    },
    "homepage": "https://github.com/yinshuxun/alauda-ui-migration-helper#readme",
    "dependencies":{
      "glob": "^7.1.2",
      "split": "^1.0.1",
    }
  }

yarn manifest: 
  No manifest

Lockfile: 
  No lockfile

Trace: 
  SyntaxError: /Users/shuxun/ideaproject/mine/alauda-ui-migration-helper/package.json: Unexpected token } in JSON at position 726
      at JSON.parse (<anonymous>)
      at /usr/local/lib/node_modules/yarn/lib/cli.js:770:59
      at Generator.next (<anonymous>)
      at step (/usr/local/lib/node_modules/yarn/lib/cli.js:92:30)
      at /usr/local/lib/node_modules/yarn/lib/cli.js:103:13
